{"/var/www/reaction/shared/events.js":{"path":"/var/www/reaction/shared/events.js","s":{"1":1,"2":1,"3":1,"4":4,"5":4,"6":3,"7":4,"8":1,"9":3,"10":3,"11":0,"12":3,"13":1,"14":0,"15":0,"16":0,"17":0,"18":0,"19":0,"20":0,"21":0,"22":0,"23":0,"24":0,"25":0,"26":0,"27":0,"28":0,"29":0,"30":1,"31":1,"32":1,"33":1,"34":1,"35":1,"36":1,"37":1,"38":1},"b":{"1":[4,3],"2":[3,1],"3":[3,0],"4":[0,3],"5":[0,0],"6":[0,0],"7":[1,0]},"f":{"1":1,"2":4,"3":3,"4":0,"5":1,"6":1,"7":1},"fnMap":{"1":{"name":"EventDispatcher","line":1,"loc":{"start":{"line":1,"column":0},"end":{"line":1,"column":27}}},"2":{"name":"(anonymous_2)","line":5,"loc":{"start":{"line":5,"column":31},"end":{"line":5,"column":56}}},"3":{"name":"(anonymous_3)","line":15,"loc":{"start":{"line":15,"column":35},"end":{"line":15,"column":55}}},"4":{"name":"(anonymous_4)","line":33,"loc":{"start":{"line":33,"column":36},"end":{"line":33,"column":52}}},"5":{"name":"(anonymous_5)","line":63,"loc":{"start":{"line":63,"column":18},"end":{"line":63,"column":29}}},"6":{"name":"createInstance","line":66,"loc":{"start":{"line":66,"column":2},"end":{"line":66,"column":28}}},"7":{"name":"(anonymous_7)","line":71,"loc":{"start":{"line":71,"column":17},"end":{"line":71,"column":29}}}},"statementMap":{"1":{"start":{"line":1,"column":0},"end":{"line":3,"column":1}},"2":{"start":{"line":2,"column":2},"end":{"line":2,"column":23}},"3":{"start":{"line":5,"column":0},"end":{"line":13,"column":1}},"4":{"start":{"line":6,"column":2},"end":{"line":6,"column":56}},"5":{"start":{"line":8,"column":2},"end":{"line":10,"column":3}},"6":{"start":{"line":9,"column":4},"end":{"line":9,"column":15}},"7":{"start":{"line":12,"column":2},"end":{"line":12,"column":52}},"8":{"start":{"line":15,"column":0},"end":{"line":26,"column":1}},"9":{"start":{"line":18,"column":2},"end":{"line":25,"column":3}},"10":{"start":{"line":19,"column":4},"end":{"line":24,"column":5}},"11":{"start":{"line":20,"column":6},"end":{"line":20,"column":75}},"12":{"start":{"line":23,"column":6},"end":{"line":23,"column":36}},"13":{"start":{"line":33,"column":0},"end":{"line":61,"column":1}},"14":{"start":{"line":34,"column":2},"end":{"line":34,"column":15}},"15":{"start":{"line":35,"column":2},"end":{"line":35,"column":36}},"16":{"start":{"line":36,"column":2},"end":{"line":36,"column":44}},"17":{"start":{"line":39,"column":2},"end":{"line":60,"column":3}},"18":{"start":{"line":40,"column":4},"end":{"line":40,"column":34}},"19":{"start":{"line":42,"column":4},"end":{"line":47,"column":5}},"20":{"start":{"line":43,"column":6},"end":{"line":43,"column":22}},"21":{"start":{"line":46,"column":6},"end":{"line":46,"column":27}},"22":{"start":{"line":49,"column":4},"end":{"line":59,"column":5}},"23":{"start":{"line":50,"column":6},"end":{"line":50,"column":43}},"24":{"start":{"line":51,"column":6},"end":{"line":51,"column":46}},"25":{"start":{"line":53,"column":6},"end":{"line":58,"column":7}},"26":{"start":{"line":54,"column":8},"end":{"line":54,"column":36}},"27":{"start":{"line":55,"column":8},"end":{"line":55,"column":29}},"28":{"start":{"line":56,"column":8},"end":{"line":56,"column":31}},"29":{"start":{"line":57,"column":8},"end":{"line":57,"column":63}},"30":{"start":{"line":63,"column":0},"end":{"line":79,"column":5}},"31":{"start":{"line":64,"column":2},"end":{"line":64,"column":15}},"32":{"start":{"line":66,"column":2},"end":{"line":68,"column":3}},"33":{"start":{"line":67,"column":4},"end":{"line":67,"column":33}},"34":{"start":{"line":70,"column":2},"end":{"line":77,"column":4}},"35":{"start":{"line":72,"column":6},"end":{"line":74,"column":7}},"36":{"start":{"line":73,"column":8},"end":{"line":73,"column":36}},"37":{"start":{"line":75,"column":6},"end":{"line":75,"column":22}},"38":{"start":{"line":81,"column":0},"end":{"line":81,"column":42}}},"branchMap":{"1":{"line":6,"type":"binary-expr","locations":[{"start":{"line":6,"column":27},"end":{"line":6,"column":49}},{"start":{"line":6,"column":53},"end":{"line":6,"column":55}}]},"2":{"line":8,"type":"if","locations":[{"start":{"line":8,"column":2},"end":{"line":8,"column":2}},{"start":{"line":8,"column":2},"end":{"line":8,"column":2}}]},"3":{"line":18,"type":"if","locations":[{"start":{"line":18,"column":2},"end":{"line":18,"column":2}},{"start":{"line":18,"column":2},"end":{"line":18,"column":2}}]},"4":{"line":19,"type":"if","locations":[{"start":{"line":19,"column":4},"end":{"line":19,"column":4}},{"start":{"line":19,"column":4},"end":{"line":19,"column":4}}]},"5":{"line":42,"type":"if","locations":[{"start":{"line":42,"column":4},"end":{"line":42,"column":4}},{"start":{"line":42,"column":4},"end":{"line":42,"column":4}}]},"6":{"line":49,"type":"if","locations":[{"start":{"line":49,"column":4},"end":{"line":49,"column":4}},{"start":{"line":49,"column":4},"end":{"line":49,"column":4}}]},"7":{"line":72,"type":"if","locations":[{"start":{"line":72,"column":6},"end":{"line":72,"column":6}},{"start":{"line":72,"column":6},"end":{"line":72,"column":6}}]}}}}