{"/var/www/reaction/shared/events.js":{"path":"/var/www/reaction/shared/events.js","s":{"1":1,"2":1,"3":1,"4":0,"5":0,"6":0,"7":0,"8":1,"9":0,"10":0,"11":1,"12":0,"13":0,"14":0,"15":0,"16":0,"17":0,"18":0,"19":0,"20":0,"21":0,"22":0,"23":0,"24":0,"25":0,"26":0,"27":0,"28":1,"29":1,"30":1,"31":1,"32":1,"33":1,"34":1,"35":1,"36":1},"b":{"1":[0,0],"2":[0,0],"3":[0,0],"4":[0,0],"5":[0,0],"6":[1,0]},"f":{"1":1,"2":0,"3":0,"4":0,"5":1,"6":1,"7":1},"fnMap":{"1":{"name":"EventDispatcher","line":1,"loc":{"start":{"line":1,"column":0},"end":{"line":1,"column":27}}},"2":{"name":"(anonymous_2)","line":5,"loc":{"start":{"line":5,"column":31},"end":{"line":5,"column":56}}},"3":{"name":"(anonymous_3)","line":15,"loc":{"start":{"line":15,"column":35},"end":{"line":15,"column":55}}},"4":{"name":"(anonymous_4)","line":26,"loc":{"start":{"line":26,"column":36},"end":{"line":26,"column":52}}},"5":{"name":"(anonymous_5)","line":56,"loc":{"start":{"line":56,"column":18},"end":{"line":56,"column":29}}},"6":{"name":"createInstance","line":59,"loc":{"start":{"line":59,"column":2},"end":{"line":59,"column":28}}},"7":{"name":"(anonymous_7)","line":64,"loc":{"start":{"line":64,"column":17},"end":{"line":64,"column":29}}}},"statementMap":{"1":{"start":{"line":1,"column":0},"end":{"line":3,"column":1}},"2":{"start":{"line":2,"column":2},"end":{"line":2,"column":23}},"3":{"start":{"line":5,"column":0},"end":{"line":13,"column":1}},"4":{"start":{"line":6,"column":2},"end":{"line":6,"column":56}},"5":{"start":{"line":8,"column":2},"end":{"line":10,"column":3}},"6":{"start":{"line":9,"column":4},"end":{"line":9,"column":15}},"7":{"start":{"line":12,"column":2},"end":{"line":12,"column":52}},"8":{"start":{"line":15,"column":0},"end":{"line":19,"column":1}},"9":{"start":{"line":16,"column":2},"end":{"line":18,"column":3}},"10":{"start":{"line":17,"column":2},"end":{"line":17,"column":71}},"11":{"start":{"line":26,"column":0},"end":{"line":54,"column":1}},"12":{"start":{"line":27,"column":2},"end":{"line":27,"column":15}},"13":{"start":{"line":28,"column":2},"end":{"line":28,"column":36}},"14":{"start":{"line":29,"column":2},"end":{"line":29,"column":44}},"15":{"start":{"line":32,"column":2},"end":{"line":53,"column":3}},"16":{"start":{"line":33,"column":4},"end":{"line":33,"column":34}},"17":{"start":{"line":35,"column":4},"end":{"line":40,"column":5}},"18":{"start":{"line":36,"column":6},"end":{"line":36,"column":22}},"19":{"start":{"line":39,"column":6},"end":{"line":39,"column":27}},"20":{"start":{"line":42,"column":4},"end":{"line":52,"column":5}},"21":{"start":{"line":43,"column":6},"end":{"line":43,"column":43}},"22":{"start":{"line":44,"column":6},"end":{"line":44,"column":46}},"23":{"start":{"line":46,"column":6},"end":{"line":51,"column":7}},"24":{"start":{"line":47,"column":8},"end":{"line":47,"column":36}},"25":{"start":{"line":48,"column":8},"end":{"line":48,"column":29}},"26":{"start":{"line":49,"column":8},"end":{"line":49,"column":31}},"27":{"start":{"line":50,"column":8},"end":{"line":50,"column":63}},"28":{"start":{"line":56,"column":0},"end":{"line":72,"column":5}},"29":{"start":{"line":57,"column":2},"end":{"line":57,"column":15}},"30":{"start":{"line":59,"column":2},"end":{"line":61,"column":3}},"31":{"start":{"line":60,"column":4},"end":{"line":60,"column":33}},"32":{"start":{"line":63,"column":2},"end":{"line":70,"column":4}},"33":{"start":{"line":65,"column":6},"end":{"line":67,"column":7}},"34":{"start":{"line":66,"column":8},"end":{"line":66,"column":36}},"35":{"start":{"line":68,"column":6},"end":{"line":68,"column":22}},"36":{"start":{"line":74,"column":0},"end":{"line":74,"column":42}}},"branchMap":{"1":{"line":6,"type":"binary-expr","locations":[{"start":{"line":6,"column":27},"end":{"line":6,"column":49}},{"start":{"line":6,"column":53},"end":{"line":6,"column":55}}]},"2":{"line":8,"type":"if","locations":[{"start":{"line":8,"column":2},"end":{"line":8,"column":2}},{"start":{"line":8,"column":2},"end":{"line":8,"column":2}}]},"3":{"line":16,"type":"if","locations":[{"start":{"line":16,"column":2},"end":{"line":16,"column":2}},{"start":{"line":16,"column":2},"end":{"line":16,"column":2}}]},"4":{"line":35,"type":"if","locations":[{"start":{"line":35,"column":4},"end":{"line":35,"column":4}},{"start":{"line":35,"column":4},"end":{"line":35,"column":4}}]},"5":{"line":42,"type":"if","locations":[{"start":{"line":42,"column":4},"end":{"line":42,"column":4}},{"start":{"line":42,"column":4},"end":{"line":42,"column":4}}]},"6":{"line":65,"type":"if","locations":[{"start":{"line":65,"column":6},"end":{"line":65,"column":6}},{"start":{"line":65,"column":6},"end":{"line":65,"column":6}}]}}}}