TN:
SF:/var/www/reaction/shared/events.js
FN:1,EventDispatcher
FN:5,(anonymous_2)
FN:15,(anonymous_3)
FN:33,(anonymous_4)
FN:63,(anonymous_5)
FN:66,createInstance
FN:71,(anonymous_7)
FNF:7
FNH:6
FNDA:1,EventDispatcher
FNDA:4,(anonymous_2)
FNDA:3,(anonymous_3)
FNDA:0,(anonymous_4)
FNDA:1,(anonymous_5)
FNDA:1,createInstance
FNDA:1,(anonymous_7)
DA:1,1
DA:2,1
DA:5,1
DA:6,4
DA:8,4
DA:9,3
DA:12,4
DA:15,1
DA:18,3
DA:19,3
DA:20,0
DA:23,3
DA:33,1
DA:34,0
DA:35,0
DA:36,0
DA:39,0
DA:40,0
DA:42,0
DA:43,0
DA:46,0
DA:49,0
DA:50,0
DA:51,0
DA:53,0
DA:54,0
DA:55,0
DA:56,0
DA:57,0
DA:63,1
DA:64,1
DA:66,1
DA:67,1
DA:70,1
DA:72,1
DA:73,1
DA:75,1
DA:81,1
LF:38
LH:21
BRDA:6,1,0,4
BRDA:6,1,1,3
BRDA:8,2,0,3
BRDA:8,2,1,1
BRDA:18,3,0,3
BRDA:18,3,1,0
BRDA:19,4,0,0
BRDA:19,4,1,3
BRDA:42,5,0,0
BRDA:42,5,1,0
BRDA:49,6,0,0
BRDA:49,6,1,0
BRDA:72,7,0,1
BRDA:72,7,1,0
BRF:14
BRH:7
end_of_record
