TN:
SF:/var/www/reaction/shared/events.js
FN:1,EventDispatcher
FN:5,(anonymous_2)
FN:15,(anonymous_3)
FN:26,(anonymous_4)
FN:56,(anonymous_5)
FN:59,createInstance
FN:64,(anonymous_7)
FNF:7
FNH:4
FNDA:1,EventDispatcher
FNDA:0,(anonymous_2)
FNDA:0,(anonymous_3)
FNDA:0,(anonymous_4)
FNDA:1,(anonymous_5)
FNDA:1,createInstance
FNDA:1,(anonymous_7)
DA:1,1
DA:2,1
DA:5,1
DA:6,0
DA:8,0
DA:9,0
DA:12,0
DA:15,1
DA:16,0
DA:17,0
DA:26,1
DA:27,0
DA:28,0
DA:29,0
DA:32,0
DA:33,0
DA:35,0
DA:36,0
DA:39,0
DA:42,0
DA:43,0
DA:44,0
DA:46,0
DA:47,0
DA:48,0
DA:49,0
DA:50,0
DA:56,1
DA:57,1
DA:59,1
DA:60,1
DA:63,1
DA:65,1
DA:66,1
DA:68,1
DA:74,1
LF:36
LH:14
BRDA:6,1,0,0
BRDA:6,1,1,0
BRDA:8,2,0,0
BRDA:8,2,1,0
BRDA:16,3,0,0
BRDA:16,3,1,0
BRDA:35,4,0,0
BRDA:35,4,1,0
BRDA:42,5,0,0
BRDA:42,5,1,0
BRDA:65,6,0,1
BRDA:65,6,1,0
BRF:12
BRH:1
end_of_record
